# JRE version: Java(TM) SE Runtime Environment (8.0-b132) (build 1.8.0-b132)
# Java VM: Java HotSpot(TM) 64-Bit Server VM (25.0-b70 mixed mode windows-amd64 compressed oops)
Heap:
 PSYoungGen      total 8192K, used 5702K [0x0000000773700000, 0x0000000774580000, 0x00000007c0000000)
  eden space 6656K, 62% used [0x0000000773700000,0x0000000773b11c00,0x0000000773d80000)
  from space 1536K, 99% used [0x0000000773d80000,0x0000000773effc20,0x0000000773f00000)
  to   space 2048K, 0% used [0x0000000774380000,0x0000000774380000,0x0000000774580000)
 ParOldGen       total 233984K, used 3288K [0x00000006da400000, 0x00000006e8880000, 0x0000000773700000)
  object space 233984K, 1% used [0x00000006da400000,0x00000006da736368,0x00000006e8880000)
 Metaspace       used 10776K, capacity 10862K, committed 11136K, reserved 1058816K
  class space    used 1066K, capacity 1074K, committed 1152K, reserved 1048576K
GC Heap History (10 events):
Event: 0.204 GC heap before
{Heap before GC invocations=7 (full 0):
 PSYoungGen      total 3072K, used 2752K [0x0000000773700000, 0x0000000773b00000, 0x00000007c0000000)
  eden space 2048K, 100% used [0x0000000773700000,0x0000000773900000,0x0000000773900000)
  from space 1024K, 68% used [0x0000000773a00000,0x0000000773ab0020,0x0000000773b00000)
  to   space 1024K, 0% used [0x0000000773900000,0x0000000773900000,0x0000000773a00000)
 ParOldGen       total 233984K, used 766K [0x00000006da400000, 0x00000006e8880000, 0x0000000773700000)
  object space 233984K, 0% used [0x00000006da400000,0x00000006da4bf938,0x00000006e8880000)
 Metaspace       used 4873K, capacity 5028K, committed 5248K, reserved 1056768K
  class space    used 557K, capacity 592K, committed 640K, reserved 1048576K
Event: 0.206 GC heap after
Heap after GC invocations=7 (full 0):
 PSYoungGen      total 3072K, used 864K [0x0000000773700000, 0x0000000773d00000, 0x00000007c0000000)
  eden space 2048K, 0% used [0x0000000773700000,0x0000000773700000,0x0000000773900000)
  from space 1024K, 84% used [0x0000000773900000,0x00000007739d8000,0x0000000773a00000)
  to   space 1024K, 0% used [0x0000000773c00000,0x0000000773c00000,0x0000000773d00000)
 ParOldGen       total 233984K, used 1141K [0x00000006da400000, 0x00000006e8880000, 0x0000000773700000)
  object space 233984K, 0% used [0x00000006da400000,0x00000006da51d4d0,0x00000006e8880000)
 Metaspace       used 4873K, capacity 5028K, committed 5248K, reserved 1056768K
  class space    used 557K, capacity 592K, committed 640K, reserved 1048576K
}
Event: 0.240 GC heap before
{Heap before GC invocations=8 (full 0):
 PSYoungGen      total 3072K, used 2912K [0x0000000773700000, 0x0000000773d00000, 0x00000007c0000000)
  eden space 2048K, 100% used [0x0000000773700000,0x0000000773900000,0x0000000773900000)
  from space 1024K, 84% used [0x0000000773900000,0x00000007739d8000,0x0000000773a00000)
  to   space 1024K, 0% used [0x0000000773c00000,0x0000000773c00000,0x0000000773d00000)
 ParOldGen       total 233984K, used 1141K [0x00000006da400000, 0x00000006e8880000, 0x0000000773700000)
  object space 233984K, 0% used [0x00000006da400000,0x00000006da51d4d0,0x00000006e8880000)
 Metaspace       used 5614K, capacity 5764K, committed 5888K, reserved 1056768K
  class space    used 642K, capacity 688K, committed 768K, reserved 1048576K
Event: 0.241 GC heap after
Heap after GC invocations=8 (full 0):
 PSYoungGen      total 5120K, used 1013K [0x0000000773700000, 0x0000000773d00000, 0x00000007c0000000)
  eden space 4096K, 0% used [0x0000000773700000,0x0000000773700000,0x0000000773b00000)
  from space 1024K, 98% used [0x0000000773c00000,0x0000000773cfd4e8,0x0000000773d00000)
  to   space 1024K, 0% used [0x0000000773b00000,0x0000000773b00000,0x0000000773c00000)
 ParOldGen       total 233984K, used 1201K [0x00000006da400000, 0x00000006e8880000, 0x0000000773700000)
  object space 233984K, 0% used [0x00000006da400000,0x00000006da52c6b0,0x00000006e8880000)
 Metaspace       used 5614K, capacity 5764K, committed 5888K, reserved 1056768K
  class space    used 642K, capacity 688K, committed 768K, reserved 1048576K
}
Event: 0.307 GC heap before
{Heap before GC invocations=9 (full 0):
 PSYoungGen      total 5120K, used 5109K [0x0000000773700000, 0x0000000773d00000, 0x00000007c0000000)
  eden space 4096K, 100% used [0x0000000773700000,0x0000000773b00000,0x0000000773b00000)
  from space 1024K, 98% used [0x0000000773c00000,0x0000000773cfd4e8,0x0000000773d00000)
  to   space 1024K, 0% used [0x0000000773b00000,0x0000000773b00000,0x0000000773c00000)
 ParOldGen       total 233984K, used 1201K [0x00000006da400000, 0x00000006e8880000, 0x0000000773700000)
  object space 233984K, 0% used [0x00000006da400000,0x00000006da52c6b0,0x00000006e8880000)
 Metaspace       used 6705K, capacity 6858K, committed 7040K, reserved 1056768K
  class space    used 761K, capacity 817K, committed 896K, reserved 1048576K
Event: 0.309 GC heap after
Heap after GC invocations=9 (full 0):
 PSYoungGen      total 5120K, used 1018K [0x0000000773700000, 0x0000000774080000, 0x00000007c0000000)
  eden space 4096K, 0% used [0x0000000773700000,0x0000000773700000,0x0000000773b00000)
  from space 1024K, 99% used [0x0000000773b00000,0x0000000773bfea10,0x0000000773c00000)
  to   space 1536K, 0% used [0x0000000773f00000,0x0000000773f00000,0x0000000774080000)
 ParOldGen       total 233984K, used 1812K [0x00000006da400000, 0x00000006e8880000, 0x0000000773700000)
  object space 233984K, 0% used [0x00000006da400000,0x00000006da5c5260,0x00000006e8880000)
 Metaspace       used 6705K, capacity 6858K, committed 7040K, reserved 1056768K
  class space    used 761K, capacity 817K, committed 896K, reserved 1048576K
}
Event: 0.423 GC heap before
{Heap before GC invocations=10 (full 0):
 PSYoungGen      total 5120K, used 5104K [0x0000000773700000, 0x0000000774080000, 0x00000007c0000000)
  eden space 4096K, 99% used [0x0000000773700000,0x0000000773afd6a0,0x0000000773b00000)
  from space 1024K, 99% used [0x0000000773b00000,0x0000000773bfea10,0x0000000773c00000)
  to   space 1536K, 0% used [0x0000000773f00000,0x0000000773f00000,0x0000000774080000)
 ParOldGen       total 233984K, used 1812K [0x00000006da400000, 0x00000006e8880000, 0x0000000773700000)
  object space 233984K, 0% used [0x00000006da400000,0x00000006da5c5260,0x00000006e8880000)
 Metaspace       used 8374K, capacity 8458K, committed 8704K, reserved 1056768K
  class space    used 953K, capacity 1009K, committed 1024K, reserved 1048576K
Event: 0.424 GC heap after
Heap after GC invocations=10 (full 0):
 PSYoungGen      total 8192K, used 1082K [0x0000000773700000, 0x0000000774080000, 0x00000007c0000000)
  eden space 6656K, 0% used [0x0000000773700000,0x0000000773700000,0x0000000773d80000)
  from space 1536K, 70% used [0x0000000773f00000,0x000000077400ebe8,0x0000000774080000)
  to   space 1536K, 0% used [0x0000000773d80000,0x0000000773d80000,0x0000000773f00000)
 ParOldGen       total 233984K, used 2292K [0x00000006da400000, 0x00000006e8880000, 0x0000000773700000)
  object space 233984K, 0% used [0x00000006da400000,0x00000006da63d260,0x00000006e8880000)
 Metaspace       used 8374K, capacity 8458K, committed 8704K, reserved 1056768K
  class space    used 953K, capacity 1009K, committed 1024K, reserved 1048576K
}
Event: 5.858 GC heap before
{Heap before GC invocations=11 (full 0):
 PSYoungGen      total 8192K, used 7571K [0x0000000773700000, 0x0000000774080000, 0x00000007c0000000)
  eden space 6656K, 97% used [0x0000000773700000,0x0000000773d563c0,0x0000000773d80000)
  from space 1536K, 70% used [0x0000000773f00000,0x000000077400ebe8,0x0000000774080000)
  to   space 1536K, 0% used [0x0000000773d80000,0x0000000773d80000,0x0000000773f00000)
 ParOldGen       total 233984K, used 2292K [0x00000006da400000, 0x00000006e8880000, 0x0000000773700000)
  object space 233984K, 0% used [0x00000006da400000,0x00000006da63d260,0x00000006e8880000)
 Metaspace       used 9854K, capacity 9934K, committed 10112K, reserved 1058816K
  class space    used 1005K, capacity 1042K, committed 1152K, reserved 1048576K
Event: 5.860 GC heap after
Heap after GC invocations=11 (full 0):
 PSYoungGen      total 8192K, used 1535K [0x0000000773700000, 0x0000000774580000, 0x00000007c0000000)
  eden space 6656K, 0% used [0x0000000773700000,0x0000000773700000,0x0000000773d80000)
  from space 1536K, 99% used [0x0000000773d80000,0x0000000773effc20,0x0000000773f00000)
  to   space 2048K, 0% used [0x0000000774380000,0x0000000774380000,0x0000000774580000)
 ParOldGen       total 233984K, used 3288K [0x00000006da400000, 0x00000006e8880000, 0x0000000773700000)
  object space 233984K, 1% used [0x00000006da400000,0x00000006da736368,0x00000006e8880000)
 Metaspace       used 9854K, capacity 9934K, committed 10112K, reserved 1058816K
  class space    used 1005K, capacity 1042K, committed 1152K, reserved 1048576K
}

