# JRE version: Java(TM) SE Runtime Environment (8.0-b132) (build 1.8.0-b132)
# Java VM: Java HotSpot(TM) 64-Bit Server VM (25.0-b70 mixed mode windows-amd64 compressed oops)
Heap:
 PSYoungGen      total 11776K, used 2725K [0x0000000773700000, 0x0000000774780000, 0x00000007c0000000)
  eden space 9728K, 7% used [0x0000000773700000,0x00000007737af218,0x0000000774080000)
  from space 2048K, 98% used [0x0000000774380000,0x000000077457a5c0,0x0000000774580000)
  to   space 3072K, 0% used [0x0000000774080000,0x0000000774080000,0x0000000774380000)
 ParOldGen       total 233984K, used 2384K [0x00000006da400000, 0x00000006e8880000, 0x0000000773700000)
  object space 233984K, 1% used [0x00000006da400000,0x00000006da654318,0x00000006e8880000)
 Metaspace       used 10803K, capacity 10894K, committed 11136K, reserved 1058816K
  class space    used 1080K, capacity 1106K, committed 1152K, reserved 1048576K
GC Heap History (10 events):
Event: 0.282 GC heap before
{Heap before GC invocations=6 (full 0):
 PSYoungGen      total 2560K, used 2528K [0x0000000773700000, 0x0000000773d00000, 0x00000007c0000000)
  eden space 2048K, 100% used [0x0000000773700000,0x0000000773900000,0x0000000773900000)
  from space 512K, 93% used [0x0000000773900000,0x0000000773978020,0x0000000773980000)
  to   space 1024K, 0% used [0x0000000773c00000,0x0000000773c00000,0x0000000773d00000)
 ParOldGen       total 233984K, used 741K [0x00000006da400000, 0x00000006e8880000, 0x0000000773700000)
  object space 233984K, 0% used [0x00000006da400000,0x00000006da4b9708,0x00000006e8880000)
 Metaspace       used 5121K, capacity 5252K, committed 5504K, reserved 1056768K
  class space    used 588K, capacity 624K, committed 640K, reserved 1048576K
Event: 0.284 GC heap after
Heap after GC invocations=6 (full 0):
 PSYoungGen      total 4608K, used 912K [0x0000000773700000, 0x0000000773e00000, 0x00000007c0000000)
  eden space 3584K, 0% used [0x0000000773700000,0x0000000773700000,0x0000000773a80000)
  from space 1024K, 89% used [0x0000000773c00000,0x0000000773ce4010,0x0000000773d00000)
  to   space 1536K, 0% used [0x0000000773a80000,0x0000000773a80000,0x0000000773c00000)
 ParOldGen       total 233984K, used 749K [0x00000006da400000, 0x00000006e8880000, 0x0000000773700000)
  object space 233984K, 0% used [0x00000006da400000,0x00000006da4bb708,0x00000006e8880000)
 Metaspace       used 5121K, capacity 5252K, committed 5504K, reserved 1056768K
  class space    used 588K, capacity 624K, committed 640K, reserved 1048576K
}
Event: 0.362 GC heap before
{Heap before GC invocations=7 (full 0):
 PSYoungGen      total 4608K, used 4496K [0x0000000773700000, 0x0000000773e00000, 0x00000007c0000000)
  eden space 3584K, 100% used [0x0000000773700000,0x0000000773a80000,0x0000000773a80000)
  from space 1024K, 89% used [0x0000000773c00000,0x0000000773ce4010,0x0000000773d00000)
  to   space 1536K, 0% used [0x0000000773a80000,0x0000000773a80000,0x0000000773c00000)
 ParOldGen       total 233984K, used 749K [0x00000006da400000, 0x00000006e8880000, 0x0000000773700000)
  object space 233984K, 0% used [0x00000006da400000,0x00000006da4bb708,0x00000006e8880000)
 Metaspace       used 6238K, capacity 6346K, committed 6400K, reserved 1056768K
  class space    used 717K, capacity 753K, committed 768K, reserved 1048576K
Event: 0.364 GC heap after
Heap after GC invocations=7 (full 0):
 PSYoungGen      total 5120K, used 1450K [0x0000000773700000, 0x0000000774100000, 0x00000007c0000000)
  eden space 3584K, 0% used [0x0000000773700000,0x0000000773700000,0x0000000773a80000)
  from space 1536K, 94% used [0x0000000773a80000,0x0000000773beaad8,0x0000000773c00000)
  to   space 1536K, 0% used [0x0000000773f80000,0x0000000773f80000,0x0000000774100000)
 ParOldGen       total 233984K, used 989K [0x00000006da400000, 0x00000006e8880000, 0x0000000773700000)
  object space 233984K, 0% used [0x00000006da400000,0x00000006da4f7758,0x00000006e8880000)
 Metaspace       used 6238K, capacity 6346K, committed 6400K, reserved 1056768K
  class space    used 717K, capacity 753K, committed 768K, reserved 1048576K
}
Event: 0.435 GC heap before
{Heap before GC invocations=8 (full 0):
 PSYoungGen      total 5120K, used 5022K [0x0000000773700000, 0x0000000774100000, 0x00000007c0000000)
  eden space 3584K, 99% used [0x0000000773700000,0x0000000773a7cfc0,0x0000000773a80000)
  from space 1536K, 94% used [0x0000000773a80000,0x0000000773beaad8,0x0000000773c00000)
  to   space 1536K, 0% used [0x0000000773f80000,0x0000000773f80000,0x0000000774100000)
 ParOldGen       total 233984K, used 989K [0x00000006da400000, 0x00000006e8880000, 0x0000000773700000)
  object space 233984K, 0% used [0x00000006da400000,0x00000006da4f7758,0x00000006e8880000)
 Metaspace       used 7399K, capacity 7466K, committed 7680K, reserved 1056768K
  class space    used 858K, capacity 913K, committed 1024K, reserved 1048576K
Event: 0.437 GC heap after
Heap after GC invocations=8 (full 0):
 PSYoungGen      total 8192K, used 1529K [0x0000000773700000, 0x0000000774200000, 0x00000007c0000000)
  eden space 6656K, 0% used [0x0000000773700000,0x0000000773700000,0x0000000773d80000)
  from space 1536K, 99% used [0x0000000773f80000,0x00000007740fe598,0x0000000774100000)
  to   space 2048K, 0% used [0x0000000773d80000,0x0000000773d80000,0x0000000773f80000)
 ParOldGen       total 233984K, used 1202K [0x00000006da400000, 0x00000006e8880000, 0x0000000773700000)
  object space 233984K, 0% used [0x00000006da400000,0x00000006da52cac0,0x00000006e8880000)
 Metaspace       used 7399K, capacity 7466K, committed 7680K, reserved 1056768K
  class space    used 858K, capacity 913K, committed 1024K, reserved 1048576K
}
Event: 5.536 GC heap before
{Heap before GC invocations=9 (full 0):
 PSYoungGen      total 8192K, used 7563K [0x0000000773700000, 0x0000000774200000, 0x00000007c0000000)
  eden space 6656K, 90% used [0x0000000773700000,0x0000000773ce4710,0x0000000773d80000)
  from space 1536K, 99% used [0x0000000773f80000,0x00000007740fe598,0x0000000774100000)
  to   space 2048K, 0% used [0x0000000773d80000,0x0000000773d80000,0x0000000773f80000)
 ParOldGen       total 233984K, used 1202K [0x00000006da400000, 0x00000006e8880000, 0x0000000773700000)
  object space 233984K, 0% used [0x00000006da400000,0x00000006da52cac0,0x00000006e8880000)
 Metaspace       used 8813K, capacity 8880K, committed 9088K, reserved 1056768K
  class space    used 987K, capacity 1042K, committed 1152K, reserved 1048576K
Event: 5.538 GC heap after
Heap after GC invocations=9 (full 0):
 PSYoungGen      total 8704K, used 1856K [0x0000000773700000, 0x0000000774580000, 0x00000007c0000000)
  eden space 6656K, 0% used [0x0000000773700000,0x0000000773700000,0x0000000773d80000)
  from space 2048K, 90% used [0x0000000773d80000,0x0000000773f50360,0x0000000773f80000)
  to   space 2048K, 0% used [0x0000000774380000,0x0000000774380000,0x0000000774580000)
 ParOldGen       total 233984K, used 1702K [0x00000006da400000, 0x00000006e8880000, 0x0000000773700000)
  object space 233984K, 0% used [0x00000006da400000,0x00000006da5a9b10,0x00000006e8880000)
 Metaspace       used 8813K, capacity 8880K, committed 9088K, reserved 1056768K
  class space    used 987K, capacity 1042K, committed 1152K, reserved 1048576K
}
Event: 10.367 GC heap before
{Heap before GC invocations=10 (full 0):
 PSYoungGen      total 8704K, used 8512K [0x0000000773700000, 0x0000000774580000, 0x00000007c0000000)
  eden space 6656K, 100% used [0x0000000773700000,0x0000000773d80000,0x0000000773d80000)
  from space 2048K, 90% used [0x0000000773d80000,0x0000000773f50360,0x0000000773f80000)
  to   space 2048K, 0% used [0x0000000774380000,0x0000000774380000,0x0000000774580000)
 ParOldGen       total 233984K, used 1702K [0x00000006da400000, 0x00000006e8880000, 0x0000000773700000)
  object space 233984K, 0% used [0x00000006da400000,0x00000006da5a9b10,0x00000006e8880000)
 Metaspace       used 10748K, capacity 10830K, committed 11136K, reserved 1058816K
  class space    used 1073K, capacity 1106K, committed 1152K, reserved 1048576K
Event: 10.372 GC heap after
Heap after GC invocations=10 (full 0):
 PSYoungGen      total 11776K, used 2025K [0x0000000773700000, 0x0000000774780000, 0x00000007c0000000)
  eden space 9728K, 0% used [0x0000000773700000,0x0000000773700000,0x0000000774080000)
  from space 2048K, 98% used [0x0000000774380000,0x000000077457a5c0,0x0000000774580000)
  to   space 3072K, 0% used [0x0000000774080000,0x0000000774080000,0x0000000774380000)
 ParOldGen       total 233984K, used 2384K [0x00000006da400000, 0x00000006e8880000, 0x0000000773700000)
  object space 233984K, 1% used [0x00000006da400000,0x00000006da654318,0x00000006e8880000)
 Metaspace       used 10748K, capacity 10830K, committed 11136K, reserved 1058816K
  class space    used 1073K, capacity 1106K, committed 1152K, reserved 1048576K
}

