# JRE version: Java(TM) SE Runtime Environment (8.0-b132) (build 1.8.0-b132)
# Java VM: Java HotSpot(TM) 64-Bit Server VM (25.0-b70 mixed mode windows-amd64 compressed oops)
Heap:
 PSYoungGen      total 8704K, used 5001K [0x0000000773700000, 0x0000000774580000, 0x00000007c0000000)
  eden space 6656K, 46% used [0x0000000773700000,0x00000007739ff358,0x0000000773d80000)
  from space 2048K, 94% used [0x0000000773d80000,0x0000000773f63280,0x0000000773f80000)
  to   space 2048K, 0% used [0x0000000774380000,0x0000000774380000,0x0000000774580000)
 ParOldGen       total 233984K, used 1675K [0x00000006da400000, 0x00000006e8880000, 0x0000000773700000)
  object space 233984K, 0% used [0x00000006da400000,0x00000006da5a2ce8,0x00000006e8880000)
 Metaspace       used 9744K, capacity 9870K, committed 10112K, reserved 1058816K
  class space    used 1005K, capacity 1042K, committed 1152K, reserved 1048576K
GC Heap History (10 events):
Event: 0.203 GC heap before
{Heap before GC invocations=5 (full 0):
 PSYoungGen      total 2560K, used 2560K [0x0000000773700000, 0x0000000773a00000, 0x00000007c0000000)
  eden space 2048K, 100% used [0x0000000773700000,0x0000000773900000,0x0000000773900000)
  from space 512K, 100% used [0x0000000773980000,0x0000000773a00000,0x0000000773a00000)
  to   space 512K, 0% used [0x0000000773900000,0x0000000773900000,0x0000000773980000)
 ParOldGen       total 233984K, used 459K [0x00000006da400000, 0x00000006e8880000, 0x0000000773700000)
  object space 233984K, 0% used [0x00000006da400000,0x00000006da472f70,0x00000006e8880000)
 Metaspace       used 3678K, capacity 4716K, committed 4864K, reserved 1056768K
  class space    used 410K, capacity 424K, committed 512K, reserved 1048576K
Event: 0.205 GC heap after
Heap after GC invocations=5 (full 0):
 PSYoungGen      total 2560K, used 496K [0x0000000773700000, 0x0000000773d00000, 0x00000007c0000000)
  eden space 2048K, 0% used [0x0000000773700000,0x0000000773700000,0x0000000773900000)
  from space 512K, 96% used [0x0000000773900000,0x000000077397c010,0x0000000773980000)
  to   space 1024K, 0% used [0x0000000773c00000,0x0000000773c00000,0x0000000773d00000)
 ParOldGen       total 233984K, used 728K [0x00000006da400000, 0x00000006e8880000, 0x0000000773700000)
  object space 233984K, 0% used [0x00000006da400000,0x00000006da4b6120,0x00000006e8880000)
 Metaspace       used 3678K, capacity 4716K, committed 4864K, reserved 1056768K
  class space    used 410K, capacity 424K, committed 512K, reserved 1048576K
}
Event: 0.285 GC heap before
{Heap before GC invocations=6 (full 0):
 PSYoungGen      total 2560K, used 2544K [0x0000000773700000, 0x0000000773d00000, 0x00000007c0000000)
  eden space 2048K, 100% used [0x0000000773700000,0x0000000773900000,0x0000000773900000)
  from space 512K, 96% used [0x0000000773900000,0x000000077397c010,0x0000000773980000)
  to   space 1024K, 0% used [0x0000000773c00000,0x0000000773c00000,0x0000000773d00000)
 ParOldGen       total 233984K, used 728K [0x00000006da400000, 0x00000006e8880000, 0x0000000773700000)
  object space 233984K, 0% used [0x00000006da400000,0x00000006da4b6120,0x00000006e8880000)
 Metaspace       used 5119K, capacity 5252K, committed 5504K, reserved 1056768K
  class space    used 588K, capacity 624K, committed 640K, reserved 1048576K
Event: 0.286 GC heap after
Heap after GC invocations=6 (full 0):
 PSYoungGen      total 4608K, used 928K [0x0000000773700000, 0x0000000773e00000, 0x00000007c0000000)
  eden space 3584K, 0% used [0x0000000773700000,0x0000000773700000,0x0000000773a80000)
  from space 1024K, 90% used [0x0000000773c00000,0x0000000773ce8000,0x0000000773d00000)
  to   space 1536K, 0% used [0x0000000773a80000,0x0000000773a80000,0x0000000773c00000)
 ParOldGen       total 233984K, used 736K [0x00000006da400000, 0x00000006e8880000, 0x0000000773700000)
  object space 233984K, 0% used [0x00000006da400000,0x00000006da4b8120,0x00000006e8880000)
 Metaspace       used 5119K, capacity 5252K, committed 5504K, reserved 1056768K
  class space    used 588K, capacity 624K, committed 640K, reserved 1048576K
}
Event: 0.363 GC heap before
{Heap before GC invocations=7 (full 0):
 PSYoungGen      total 4608K, used 4512K [0x0000000773700000, 0x0000000773e00000, 0x00000007c0000000)
  eden space 3584K, 100% used [0x0000000773700000,0x0000000773a80000,0x0000000773a80000)
  from space 1024K, 90% used [0x0000000773c00000,0x0000000773ce8000,0x0000000773d00000)
  to   space 1536K, 0% used [0x0000000773a80000,0x0000000773a80000,0x0000000773c00000)
 ParOldGen       total 233984K, used 736K [0x00000006da400000, 0x00000006e8880000, 0x0000000773700000)
  object space 233984K, 0% used [0x00000006da400000,0x00000006da4b8120,0x00000006e8880000)
 Metaspace       used 6230K, capacity 6346K, committed 6400K, reserved 1056768K
  class space    used 715K, capacity 753K, committed 768K, reserved 1048576K
Event: 0.365 GC heap after
Heap after GC invocations=7 (full 0):
 PSYoungGen      total 5120K, used 1364K [0x0000000773700000, 0x0000000774100000, 0x00000007c0000000)
  eden space 3584K, 0% used [0x0000000773700000,0x0000000773700000,0x0000000773a80000)
  from space 1536K, 88% used [0x0000000773a80000,0x0000000773bd5110,0x0000000773c00000)
  to   space 1536K, 0% used [0x0000000773f80000,0x0000000773f80000,0x0000000774100000)
 ParOldGen       total 233984K, used 1015K [0x00000006da400000, 0x00000006e8880000, 0x0000000773700000)
  object space 233984K, 0% used [0x00000006da400000,0x00000006da4fdca8,0x00000006e8880000)
 Metaspace       used 6230K, capacity 6346K, committed 6400K, reserved 1056768K
  class space    used 715K, capacity 753K, committed 768K, reserved 1048576K
}
Event: 0.439 GC heap before
{Heap before GC invocations=8 (full 0):
 PSYoungGen      total 5120K, used 4938K [0x0000000773700000, 0x0000000774100000, 0x00000007c0000000)
  eden space 3584K, 99% used [0x0000000773700000,0x0000000773a7d730,0x0000000773a80000)
  from space 1536K, 88% used [0x0000000773a80000,0x0000000773bd5110,0x0000000773c00000)
  to   space 1536K, 0% used [0x0000000773f80000,0x0000000773f80000,0x0000000774100000)
 ParOldGen       total 233984K, used 1015K [0x00000006da400000, 0x00000006e8880000, 0x0000000773700000)
  object space 233984K, 0% used [0x00000006da400000,0x00000006da4fdca8,0x00000006e8880000)
 Metaspace       used 7412K, capacity 7530K, committed 7680K, reserved 1056768K
  class space    used 856K, capacity 913K, committed 1024K, reserved 1048576K
Event: 0.440 GC heap after
Heap after GC invocations=8 (full 0):
 PSYoungGen      total 8192K, used 1485K [0x0000000773700000, 0x0000000774200000, 0x00000007c0000000)
  eden space 6656K, 0% used [0x0000000773700000,0x0000000773700000,0x0000000773d80000)
  from space 1536K, 96% used [0x0000000773f80000,0x00000007740f3530,0x0000000774100000)
  to   space 2048K, 0% used [0x0000000773d80000,0x0000000773d80000,0x0000000773f80000)
 ParOldGen       total 233984K, used 1199K [0x00000006da400000, 0x00000006e8880000, 0x0000000773700000)
  object space 233984K, 0% used [0x00000006da400000,0x00000006da52bcb8,0x00000006e8880000)
 Metaspace       used 7412K, capacity 7530K, committed 7680K, reserved 1056768K
  class space    used 856K, capacity 913K, committed 1024K, reserved 1048576K
}
Event: 7.564 GC heap before
{Heap before GC invocations=9 (full 0):
 PSYoungGen      total 8192K, used 8046K [0x0000000773700000, 0x0000000774200000, 0x00000007c0000000)
  eden space 6656K, 98% used [0x0000000773700000,0x0000000773d683c8,0x0000000773d80000)
  from space 1536K, 96% used [0x0000000773f80000,0x00000007740f3530,0x0000000774100000)
  to   space 2048K, 0% used [0x0000000773d80000,0x0000000773d80000,0x0000000773f80000)
 ParOldGen       total 233984K, used 1199K [0x00000006da400000, 0x00000006e8880000, 0x0000000773700000)
  object space 233984K, 0% used [0x00000006da400000,0x00000006da52bcb8,0x00000006e8880000)
 Metaspace       used 8854K, capacity 9008K, committed 9344K, reserved 1056768K
  class space    used 985K, capacity 1042K, committed 1152K, reserved 1048576K
Event: 7.566 GC heap after
Heap after GC invocations=9 (full 0):
 PSYoungGen      total 8704K, used 1932K [0x0000000773700000, 0x0000000774580000, 0x00000007c0000000)
  eden space 6656K, 0% used [0x0000000773700000,0x0000000773700000,0x0000000773d80000)
  from space 2048K, 94% used [0x0000000773d80000,0x0000000773f63280,0x0000000773f80000)
  to   space 2048K, 0% used [0x0000000774380000,0x0000000774380000,0x0000000774580000)
 ParOldGen       total 233984K, used 1675K [0x00000006da400000, 0x00000006e8880000, 0x0000000773700000)
  object space 233984K, 0% used [0x00000006da400000,0x00000006da5a2ce8,0x00000006e8880000)
 Metaspace       used 8854K, capacity 9008K, committed 9344K, reserved 1056768K
  class space    used 985K, capacity 1042K, committed 1152K, reserved 1048576K
}

