# JRE version: Java(TM) SE Runtime Environment (8.0-b132) (build 1.8.0-b132)
# Java VM: Java HotSpot(TM) 64-Bit Server VM (25.0-b70 mixed mode windows-amd64 compressed oops)
Heap:
 PSYoungGen      total 12288K, used 4308K [0x0000000773700000, 0x0000000774680000, 0x00000007c0000000)
  eden space 10240K, 22% used [0x0000000773700000,0x0000000773936d48,0x0000000774100000)
  from space 2048K, 99% used [0x0000000774380000,0x000000077457e380,0x0000000774580000)
  to   space 2560K, 0% used [0x0000000774100000,0x0000000774100000,0x0000000774380000)
 ParOldGen       total 233984K, used 2367K [0x00000006da400000, 0x00000006e8880000, 0x0000000773700000)
  object space 233984K, 1% used [0x00000006da400000,0x00000006da64fdd8,0x00000006e8880000)
 Metaspace       used 10901K, capacity 11054K, committed 11136K, reserved 1058816K
  class space    used 1080K, capacity 1138K, committed 1152K, reserved 1048576K
GC Heap History (10 events):
Event: 0.215 GC heap before
{Heap before GC invocations=6 (full 0):
 PSYoungGen      total 2560K, used 2548K [0x0000000773700000, 0x0000000773d00000, 0x00000007c0000000)
  eden space 2048K, 100% used [0x0000000773700000,0x0000000773900000,0x0000000773900000)
  from space 512K, 97% used [0x0000000773900000,0x000000077397d0c0,0x0000000773980000)
  to   space 1024K, 0% used [0x0000000773c00000,0x0000000773c00000,0x0000000773d00000)
 ParOldGen       total 233984K, used 745K [0x00000006da400000, 0x00000006e8880000, 0x0000000773700000)
  object space 233984K, 0% used [0x00000006da400000,0x00000006da4ba450,0x00000006e8880000)
 Metaspace       used 5112K, capacity 5252K, committed 5504K, reserved 1056768K
  class space    used 588K, capacity 624K, committed 640K, reserved 1048576K
Event: 0.216 GC heap after
Heap after GC invocations=6 (full 0):
 PSYoungGen      total 4608K, used 948K [0x0000000773700000, 0x0000000773e00000, 0x00000007c0000000)
  eden space 3584K, 0% used [0x0000000773700000,0x0000000773700000,0x0000000773a80000)
  from space 1024K, 92% used [0x0000000773c00000,0x0000000773ced0a0,0x0000000773d00000)
  to   space 1536K, 0% used [0x0000000773a80000,0x0000000773a80000,0x0000000773c00000)
 ParOldGen       total 233984K, used 753K [0x00000006da400000, 0x00000006e8880000, 0x0000000773700000)
  object space 233984K, 0% used [0x00000006da400000,0x00000006da4bc450,0x00000006e8880000)
 Metaspace       used 5112K, capacity 5252K, committed 5504K, reserved 1056768K
  class space    used 588K, capacity 624K, committed 640K, reserved 1048576K
}
Event: 0.274 GC heap before
{Heap before GC invocations=7 (full 0):
 PSYoungGen      total 4608K, used 4532K [0x0000000773700000, 0x0000000773e00000, 0x00000007c0000000)
  eden space 3584K, 100% used [0x0000000773700000,0x0000000773a80000,0x0000000773a80000)
  from space 1024K, 92% used [0x0000000773c00000,0x0000000773ced0a0,0x0000000773d00000)
  to   space 1536K, 0% used [0x0000000773a80000,0x0000000773a80000,0x0000000773c00000)
 ParOldGen       total 233984K, used 753K [0x00000006da400000, 0x00000006e8880000, 0x0000000773700000)
  object space 233984K, 0% used [0x00000006da400000,0x00000006da4bc450,0x00000006e8880000)
 Metaspace       used 6223K, capacity 6346K, committed 6400K, reserved 1056768K
  class space    used 711K, capacity 753K, committed 768K, reserved 1048576K
Event: 0.276 GC heap after
Heap after GC invocations=7 (full 0):
 PSYoungGen      total 5120K, used 1475K [0x0000000773700000, 0x0000000774100000, 0x00000007c0000000)
  eden space 3584K, 0% used [0x0000000773700000,0x0000000773700000,0x0000000773a80000)
  from space 1536K, 96% used [0x0000000773a80000,0x0000000773bf0db8,0x0000000773c00000)
  to   space 1536K, 0% used [0x0000000773f80000,0x0000000773f80000,0x0000000774100000)
 ParOldGen       total 233984K, used 1004K [0x00000006da400000, 0x00000006e8880000, 0x0000000773700000)
  object space 233984K, 0% used [0x00000006da400000,0x00000006da4fb068,0x00000006e8880000)
 Metaspace       used 6223K, capacity 6346K, committed 6400K, reserved 1056768K
  class space    used 711K, capacity 753K, committed 768K, reserved 1048576K
}
Event: 0.333 GC heap before
{Heap before GC invocations=8 (full 0):
 PSYoungGen      total 5120K, used 5055K [0x0000000773700000, 0x0000000774100000, 0x00000007c0000000)
  eden space 3584K, 99% used [0x0000000773700000,0x0000000773a7f218,0x0000000773a80000)
  from space 1536K, 96% used [0x0000000773a80000,0x0000000773bf0db8,0x0000000773c00000)
  to   space 1536K, 0% used [0x0000000773f80000,0x0000000773f80000,0x0000000774100000)
 ParOldGen       total 233984K, used 1004K [0x00000006da400000, 0x00000006e8880000, 0x0000000773700000)
  object space 233984K, 0% used [0x00000006da400000,0x00000006da4fb068,0x00000006e8880000)
 Metaspace       used 7454K, capacity 7530K, committed 7680K, reserved 1056768K
  class space    used 856K, capacity 913K, committed 1024K, reserved 1048576K
Event: 0.335 GC heap after
Heap after GC invocations=8 (full 0):
 PSYoungGen      total 8192K, used 1512K [0x0000000773700000, 0x0000000774200000, 0x00000007c0000000)
  eden space 6656K, 0% used [0x0000000773700000,0x0000000773700000,0x0000000773d80000)
  from space 1536K, 98% used [0x0000000773f80000,0x00000007740fa380,0x0000000774100000)
  to   space 2048K, 0% used [0x0000000773d80000,0x0000000773d80000,0x0000000773f80000)
 ParOldGen       total 233984K, used 1240K [0x00000006da400000, 0x00000006e8880000, 0x0000000773700000)
  object space 233984K, 0% used [0x00000006da400000,0x00000006da536088,0x00000006e8880000)
 Metaspace       used 7454K, capacity 7530K, committed 7680K, reserved 1056768K
  class space    used 856K, capacity 913K, committed 1024K, reserved 1048576K
}
Event: 5.428 GC heap before
{Heap before GC invocations=9 (full 0):
 PSYoungGen      total 8192K, used 7373K [0x0000000773700000, 0x0000000774200000, 0x00000007c0000000)
  eden space 6656K, 88% used [0x0000000773700000,0x0000000773cb9310,0x0000000773d80000)
  from space 1536K, 98% used [0x0000000773f80000,0x00000007740fa380,0x0000000774100000)
  to   space 2048K, 0% used [0x0000000773d80000,0x0000000773d80000,0x0000000773f80000)
 ParOldGen       total 233984K, used 1240K [0x00000006da400000, 0x00000006e8880000, 0x0000000773700000)
  object space 233984K, 0% used [0x00000006da400000,0x00000006da536088,0x00000006e8880000)
 Metaspace       used 8791K, capacity 8848K, committed 8960K, reserved 1056768K
  class space    used 981K, capacity 1010K, committed 1024K, reserved 1048576K
Event: 5.430 GC heap after
Heap after GC invocations=9 (full 0):
 PSYoungGen      total 8704K, used 1824K [0x0000000773700000, 0x0000000774580000, 0x00000007c0000000)
  eden space 6656K, 0% used [0x0000000773700000,0x0000000773700000,0x0000000773d80000)
  from space 2048K, 89% used [0x0000000773d80000,0x0000000773f48360,0x0000000773f80000)
  to   space 2048K, 0% used [0x0000000774380000,0x0000000774380000,0x0000000774580000)
 ParOldGen       total 233984K, used 1896K [0x00000006da400000, 0x00000006e8880000, 0x0000000773700000)
  object space 233984K, 0% used [0x00000006da400000,0x00000006da5da2c0,0x00000006e8880000)
 Metaspace       used 8791K, capacity 8848K, committed 8960K, reserved 1056768K
  class space    used 981K, capacity 1010K, committed 1024K, reserved 1048576K
}
Event: 9.297 GC heap before
{Heap before GC invocations=10 (full 0):
 PSYoungGen      total 8704K, used 8480K [0x0000000773700000, 0x0000000774580000, 0x00000007c0000000)
  eden space 6656K, 100% used [0x0000000773700000,0x0000000773d80000,0x0000000773d80000)
  from space 2048K, 89% used [0x0000000773d80000,0x0000000773f48360,0x0000000773f80000)
  to   space 2048K, 0% used [0x0000000774380000,0x0000000774380000,0x0000000774580000)
 ParOldGen       total 233984K, used 1896K [0x00000006da400000, 0x00000006e8880000, 0x0000000773700000)
  object space 233984K, 0% used [0x00000006da400000,0x00000006da5da2c0,0x00000006e8880000)
 Metaspace       used 10755K, capacity 10862K, committed 11136K, reserved 1058816K
  class space    used 1061K, capacity 1074K, committed 1152K, reserved 1048576K
Event: 9.299 GC heap after
Heap after GC invocations=10 (full 0):
 PSYoungGen      total 12288K, used 2040K [0x0000000773700000, 0x0000000774680000, 0x00000007c0000000)
  eden space 10240K, 0% used [0x0000000773700000,0x0000000773700000,0x0000000774100000)
  from space 2048K, 99% used [0x0000000774380000,0x000000077457e380,0x0000000774580000)
  to   space 2560K, 0% used [0x0000000774100000,0x0000000774100000,0x0000000774380000)
 ParOldGen       total 233984K, used 2367K [0x00000006da400000, 0x00000006e8880000, 0x0000000773700000)
  object space 233984K, 1% used [0x00000006da400000,0x00000006da64fdd8,0x00000006e8880000)
 Metaspace       used 10755K, capacity 10862K, committed 11136K, reserved 1058816K
  class space    used 1061K, capacity 1074K, committed 1152K, reserved 1048576K
}

