# JRE version: Java(TM) SE Runtime Environment (8.0-b132) (build 1.8.0-b132)
# Java VM: Java HotSpot(TM) 64-Bit Server VM (25.0-b70 mixed mode windows-amd64 compressed oops)
Heap:
 PSYoungGen      total 7680K, used 6410K [0x0000000773700000, 0x0000000774500000, 0x00000007c0000000)
  eden space 6144K, 79% used [0x0000000773700000,0x0000000773bc6108,0x0000000773d00000)
  from space 1536K, 99% used [0x0000000773d00000,0x0000000773e7ca98,0x0000000773e80000)
  to   space 2048K, 0% used [0x0000000774300000,0x0000000774300000,0x0000000774500000)
 ParOldGen       total 233984K, used 2636K [0x00000006da400000, 0x00000006e8880000, 0x0000000773700000)
  object space 233984K, 1% used [0x00000006da400000,0x00000006da6932f0,0x00000006e8880000)
 Metaspace       used 10769K, capacity 10894K, committed 11136K, reserved 1058816K
  class space    used 1070K, capacity 1106K, committed 1152K, reserved 1048576K
GC Heap History (10 events):
Event: 0.197 GC heap before
{Heap before GC invocations=7 (full 0):
 PSYoungGen      total 3072K, used 2800K [0x0000000773700000, 0x0000000773b00000, 0x00000007c0000000)
  eden space 2048K, 100% used [0x0000000773700000,0x0000000773900000,0x0000000773900000)
  from space 1024K, 73% used [0x0000000773a00000,0x0000000773abc010,0x0000000773b00000)
  to   space 1024K, 0% used [0x0000000773900000,0x0000000773900000,0x0000000773a00000)
 ParOldGen       total 233984K, used 774K [0x00000006da400000, 0x00000006e8880000, 0x0000000773700000)
  object space 233984K, 0% used [0x00000006da400000,0x00000006da4c1938,0x00000006e8880000)
 Metaspace       used 4874K, capacity 5028K, committed 5248K, reserved 1056768K
  class space    used 557K, capacity 592K, committed 640K, reserved 1048576K
Event: 0.198 GC heap after
Heap after GC invocations=7 (full 0):
 PSYoungGen      total 3072K, used 768K [0x0000000773700000, 0x0000000773d00000, 0x00000007c0000000)
  eden space 2048K, 0% used [0x0000000773700000,0x0000000773700000,0x0000000773900000)
  from space 1024K, 75% used [0x0000000773900000,0x00000007739c0000,0x0000000773a00000)
  to   space 1024K, 0% used [0x0000000773c00000,0x0000000773c00000,0x0000000773d00000)
 ParOldGen       total 233984K, used 1142K [0x00000006da400000, 0x00000006e8880000, 0x0000000773700000)
  object space 233984K, 0% used [0x00000006da400000,0x00000006da51d988,0x00000006e8880000)
 Metaspace       used 4874K, capacity 5028K, committed 5248K, reserved 1056768K
  class space    used 557K, capacity 592K, committed 640K, reserved 1048576K
}
Event: 0.229 GC heap before
{Heap before GC invocations=8 (full 0):
 PSYoungGen      total 3072K, used 2753K [0x0000000773700000, 0x0000000773d00000, 0x00000007c0000000)
  eden space 2048K, 96% used [0x0000000773700000,0x00000007738f04c0,0x0000000773900000)
  from space 1024K, 75% used [0x0000000773900000,0x00000007739c0000,0x0000000773a00000)
  to   space 1024K, 0% used [0x0000000773c00000,0x0000000773c00000,0x0000000773d00000)
 ParOldGen       total 233984K, used 1142K [0x00000006da400000, 0x00000006e8880000, 0x0000000773700000)
  object space 233984K, 0% used [0x00000006da400000,0x00000006da51d988,0x00000006e8880000)
 Metaspace       used 5537K, capacity 5604K, committed 5888K, reserved 1056768K
  class space    used 637K, capacity 656K, committed 768K, reserved 1048576K
Event: 0.230 GC heap after
Heap after GC invocations=8 (full 0):
 PSYoungGen      total 4608K, used 994K [0x0000000773700000, 0x0000000773e00000, 0x00000007c0000000)
  eden space 3584K, 0% used [0x0000000773700000,0x0000000773700000,0x0000000773a80000)
  from space 1024K, 97% used [0x0000000773c00000,0x0000000773cf8938,0x0000000773d00000)
  to   space 1536K, 0% used [0x0000000773a80000,0x0000000773a80000,0x0000000773c00000)
 ParOldGen       total 233984K, used 1293K [0x00000006da400000, 0x00000006e8880000, 0x0000000773700000)
  object space 233984K, 0% used [0x00000006da400000,0x00000006da543498,0x00000006e8880000)
 Metaspace       used 5537K, capacity 5604K, committed 5888K, reserved 1056768K
  class space    used 637K, capacity 656K, committed 768K, reserved 1048576K
}
Event: 0.284 GC heap before
{Heap before GC invocations=9 (full 0):
 PSYoungGen      total 4608K, used 4578K [0x0000000773700000, 0x0000000773e00000, 0x00000007c0000000)
  eden space 3584K, 100% used [0x0000000773700000,0x0000000773a80000,0x0000000773a80000)
  from space 1024K, 97% used [0x0000000773c00000,0x0000000773cf8938,0x0000000773d00000)
  to   space 1536K, 0% used [0x0000000773a80000,0x0000000773a80000,0x0000000773c00000)
 ParOldGen       total 233984K, used 1293K [0x00000006da400000, 0x00000006e8880000, 0x0000000773700000)
  object space 233984K, 0% used [0x00000006da400000,0x00000006da543498,0x00000006e8880000)
 Metaspace       used 6552K, capacity 6602K, committed 6656K, reserved 1056768K
  class space    used 742K, capacity 753K, committed 768K, reserved 1048576K
Event: 0.285 GC heap after
Heap after GC invocations=9 (full 0):
 PSYoungGen      total 5120K, used 1407K [0x0000000773700000, 0x0000000774000000, 0x00000007c0000000)
  eden space 3584K, 0% used [0x0000000773700000,0x0000000773700000,0x0000000773a80000)
  from space 1536K, 91% used [0x0000000773a80000,0x0000000773bdfe78,0x0000000773c00000)
  to   space 1536K, 0% used [0x0000000773e80000,0x0000000773e80000,0x0000000774000000)
 ParOldGen       total 233984K, used 1445K [0x00000006da400000, 0x00000006e8880000, 0x0000000773700000)
  object space 233984K, 0% used [0x00000006da400000,0x00000006da5694d8,0x00000006e8880000)
 Metaspace       used 6552K, capacity 6602K, committed 6656K, reserved 1056768K
  class space    used 742K, capacity 753K, committed 768K, reserved 1048576K
}
Event: 0.356 GC heap before
{Heap before GC invocations=10 (full 0):
 PSYoungGen      total 5120K, used 4991K [0x0000000773700000, 0x0000000774000000, 0x00000007c0000000)
  eden space 3584K, 100% used [0x0000000773700000,0x0000000773a80000,0x0000000773a80000)
  from space 1536K, 91% used [0x0000000773a80000,0x0000000773bdfe78,0x0000000773c00000)
  to   space 1536K, 0% used [0x0000000773e80000,0x0000000773e80000,0x0000000774000000)
 ParOldGen       total 233984K, used 1445K [0x00000006da400000, 0x00000006e8880000, 0x0000000773700000)
  object space 233984K, 0% used [0x00000006da400000,0x00000006da5694d8,0x00000006e8880000)
 Metaspace       used 8188K, capacity 8266K, committed 8448K, reserved 1056768K
  class space    used 927K, capacity 945K, committed 1024K, reserved 1048576K
Event: 0.357 GC heap after
Heap after GC invocations=10 (full 0):
 PSYoungGen      total 7680K, used 1058K [0x0000000773700000, 0x0000000774000000, 0x00000007c0000000)
  eden space 6144K, 0% used [0x0000000773700000,0x0000000773700000,0x0000000773d00000)
  from space 1536K, 68% used [0x0000000773e80000,0x0000000773f888a0,0x0000000774000000)
  to   space 1536K, 0% used [0x0000000773d00000,0x0000000773d00000,0x0000000773e80000)
 ParOldGen       total 233984K, used 1921K [0x00000006da400000, 0x00000006e8880000, 0x0000000773700000)
  object space 233984K, 0% used [0x00000006da400000,0x00000006da5e04e8,0x00000006e8880000)
 Metaspace       used 8188K, capacity 8266K, committed 8448K, reserved 1056768K
  class space    used 927K, capacity 945K, committed 1024K, reserved 1048576K
}
Event: 5.819 GC heap before
{Heap before GC invocations=11 (full 0):
 PSYoungGen      total 7680K, used 7202K [0x0000000773700000, 0x0000000774000000, 0x00000007c0000000)
  eden space 6144K, 100% used [0x0000000773700000,0x0000000773d00000,0x0000000773d00000)
  from space 1536K, 68% used [0x0000000773e80000,0x0000000773f888a0,0x0000000774000000)
  to   space 1536K, 0% used [0x0000000773d00000,0x0000000773d00000,0x0000000773e80000)
 ParOldGen       total 233984K, used 1921K [0x00000006da400000, 0x00000006e8880000, 0x0000000773700000)
  object space 233984K, 0% used [0x00000006da400000,0x00000006da5e04e8,0x00000006e8880000)
 Metaspace       used 9610K, capacity 9678K, committed 9856K, reserved 1058816K
  class space    used 990K, capacity 1042K, committed 1152K, reserved 1048576K
Event: 5.825 GC heap after
Heap after GC invocations=11 (full 0):
 PSYoungGen      total 7680K, used 1522K [0x0000000773700000, 0x0000000774500000, 0x00000007c0000000)
  eden space 6144K, 0% used [0x0000000773700000,0x0000000773700000,0x0000000773d00000)
  from space 1536K, 99% used [0x0000000773d00000,0x0000000773e7ca98,0x0000000773e80000)
  to   space 2048K, 0% used [0x0000000774300000,0x0000000774300000,0x0000000774500000)
 ParOldGen       total 233984K, used 2636K [0x00000006da400000, 0x00000006e8880000, 0x0000000773700000)
  object space 233984K, 1% used [0x00000006da400000,0x00000006da6932f0,0x00000006e8880000)
 Metaspace       used 9610K, capacity 9678K, committed 9856K, reserved 1058816K
  class space    used 990K, capacity 1042K, committed 1152K, reserved 1048576K
}

