# JRE version: Java(TM) SE Runtime Environment (8.0-b132) (build 1.8.0-b132)
# Java VM: Java HotSpot(TM) 64-Bit Server VM (25.0-b70 mixed mode windows-amd64 compressed oops)
Heap:
 PSYoungGen      total 7680K, used 7296K [0x0000000773700000, 0x0000000774500000, 0x00000007c0000000)
  eden space 6144K, 94% used [0x0000000773700000,0x0000000773ca8208,0x0000000773d00000)
  from space 1536K, 97% used [0x0000000773d00000,0x0000000773e78010,0x0000000773e80000)
  to   space 2048K, 0% used [0x0000000774300000,0x0000000774300000,0x0000000774500000)
 ParOldGen       total 233984K, used 2904K [0x00000006da400000, 0x00000006e8880000, 0x0000000773700000)
  object space 233984K, 1% used [0x00000006da400000,0x00000006da6d60b8,0x00000006e8880000)
 Metaspace       used 10894K, capacity 11054K, committed 11136K, reserved 1058816K
  class space    used 1085K, capacity 1138K, committed 1152K, reserved 1048576K
GC Heap History (10 events):
Event: 0.200 GC heap before
{Heap before GC invocations=7 (full 0):
 PSYoungGen      total 3072K, used 2784K [0x0000000773700000, 0x0000000773b00000, 0x00000007c0000000)
  eden space 2048K, 100% used [0x0000000773700000,0x0000000773900000,0x0000000773900000)
  from space 1024K, 71% used [0x0000000773a00000,0x0000000773ab8000,0x0000000773b00000)
  to   space 1024K, 0% used [0x0000000773900000,0x0000000773900000,0x0000000773a00000)
 ParOldGen       total 233984K, used 781K [0x00000006da400000, 0x00000006e8880000, 0x0000000773700000)
  object space 233984K, 0% used [0x00000006da400000,0x00000006da4c34c0,0x00000006e8880000)
 Metaspace       used 4876K, capacity 5028K, committed 5248K, reserved 1056768K
  class space    used 557K, capacity 592K, committed 640K, reserved 1048576K
Event: 0.202 GC heap after
Heap after GC invocations=7 (full 0):
 PSYoungGen      total 3072K, used 800K [0x0000000773700000, 0x0000000773d00000, 0x00000007c0000000)
  eden space 2048K, 0% used [0x0000000773700000,0x0000000773700000,0x0000000773900000)
  from space 1024K, 78% used [0x0000000773900000,0x00000007739c8000,0x0000000773a00000)
  to   space 1024K, 0% used [0x0000000773c00000,0x0000000773c00000,0x0000000773d00000)
 ParOldGen       total 233984K, used 1164K [0x00000006da400000, 0x00000006e8880000, 0x0000000773700000)
  object space 233984K, 0% used [0x00000006da400000,0x00000006da523058,0x00000006e8880000)
 Metaspace       used 4876K, capacity 5028K, committed 5248K, reserved 1056768K
  class space    used 557K, capacity 592K, committed 640K, reserved 1048576K
}
Event: 0.236 GC heap before
{Heap before GC invocations=8 (full 0):
 PSYoungGen      total 3072K, used 2848K [0x0000000773700000, 0x0000000773d00000, 0x00000007c0000000)
  eden space 2048K, 100% used [0x0000000773700000,0x0000000773900000,0x0000000773900000)
  from space 1024K, 78% used [0x0000000773900000,0x00000007739c8000,0x0000000773a00000)
  to   space 1024K, 0% used [0x0000000773c00000,0x0000000773c00000,0x0000000773d00000)
 ParOldGen       total 233984K, used 1164K [0x00000006da400000, 0x00000006e8880000, 0x0000000773700000)
  object space 233984K, 0% used [0x00000006da400000,0x00000006da523058,0x00000006e8880000)
 Metaspace       used 5359K, capacity 5476K, committed 5632K, reserved 1056768K
  class space    used 616K, capacity 656K, committed 768K, reserved 1048576K
Event: 0.237 GC heap after
Heap after GC invocations=8 (full 0):
 PSYoungGen      total 4608K, used 993K [0x0000000773700000, 0x0000000773e00000, 0x00000007c0000000)
  eden space 3584K, 0% used [0x0000000773700000,0x0000000773700000,0x0000000773a80000)
  from space 1024K, 97% used [0x0000000773c00000,0x0000000773cf86f0,0x0000000773d00000)
  to   space 1536K, 0% used [0x0000000773a80000,0x0000000773a80000,0x0000000773c00000)
 ParOldGen       total 233984K, used 1469K [0x00000006da400000, 0x00000006e8880000, 0x0000000773700000)
  object space 233984K, 0% used [0x00000006da400000,0x00000006da56f478,0x00000006e8880000)
 Metaspace       used 5359K, capacity 5476K, committed 5632K, reserved 1056768K
  class space    used 616K, capacity 656K, committed 768K, reserved 1048576K
}
Event: 0.293 GC heap before
{Heap before GC invocations=9 (full 0):
 PSYoungGen      total 4608K, used 4577K [0x0000000773700000, 0x0000000773e00000, 0x00000007c0000000)
  eden space 3584K, 100% used [0x0000000773700000,0x0000000773a80000,0x0000000773a80000)
  from space 1024K, 97% used [0x0000000773c00000,0x0000000773cf86f0,0x0000000773d00000)
  to   space 1536K, 0% used [0x0000000773a80000,0x0000000773a80000,0x0000000773c00000)
 ParOldGen       total 233984K, used 1469K [0x00000006da400000, 0x00000006e8880000, 0x0000000773700000)
  object space 233984K, 0% used [0x00000006da400000,0x00000006da56f478,0x00000006e8880000)
 Metaspace       used 6570K, capacity 6698K, committed 7040K, reserved 1056768K
  class space    used 746K, capacity 785K, committed 896K, reserved 1048576K
Event: 0.294 GC heap after
Heap after GC invocations=9 (full 0):
 PSYoungGen      total 5120K, used 1411K [0x0000000773700000, 0x0000000774000000, 0x00000007c0000000)
  eden space 3584K, 0% used [0x0000000773700000,0x0000000773700000,0x0000000773a80000)
  from space 1536K, 91% used [0x0000000773a80000,0x0000000773be0ff8,0x0000000773c00000)
  to   space 1536K, 0% used [0x0000000773e80000,0x0000000773e80000,0x0000000774000000)
 ParOldGen       total 233984K, used 1613K [0x00000006da400000, 0x00000006e8880000, 0x0000000773700000)
  object space 233984K, 0% used [0x00000006da400000,0x00000006da5934a8,0x00000006e8880000)
 Metaspace       used 6570K, capacity 6698K, committed 7040K, reserved 1056768K
  class space    used 746K, capacity 785K, committed 896K, reserved 1048576K
}
Event: 0.366 GC heap before
{Heap before GC invocations=10 (full 0):
 PSYoungGen      total 5120K, used 4995K [0x0000000773700000, 0x0000000774000000, 0x00000007c0000000)
  eden space 3584K, 100% used [0x0000000773700000,0x0000000773a80000,0x0000000773a80000)
  from space 1536K, 91% used [0x0000000773a80000,0x0000000773be0ff8,0x0000000773c00000)
  to   space 1536K, 0% used [0x0000000773e80000,0x0000000773e80000,0x0000000774000000)
 ParOldGen       total 233984K, used 1613K [0x00000006da400000, 0x00000006e8880000, 0x0000000773700000)
  object space 233984K, 0% used [0x00000006da400000,0x00000006da5934a8,0x00000006e8880000)
 Metaspace       used 8198K, capacity 8266K, committed 8448K, reserved 1056768K
  class space    used 929K, capacity 945K, committed 1024K, reserved 1048576K
Event: 0.368 GC heap after
Heap after GC invocations=10 (full 0):
 PSYoungGen      total 7680K, used 1007K [0x0000000773700000, 0x0000000774000000, 0x00000007c0000000)
  eden space 6144K, 0% used [0x0000000773700000,0x0000000773700000,0x0000000773d00000)
  from space 1536K, 65% used [0x0000000773e80000,0x0000000773f7bcc8,0x0000000774000000)
  to   space 1536K, 0% used [0x0000000773d00000,0x0000000773d00000,0x0000000773e80000)
 ParOldGen       total 233984K, used 2181K [0x00000006da400000, 0x00000006e8880000, 0x0000000773700000)
  object space 233984K, 0% used [0x00000006da400000,0x00000006da6214a8,0x00000006e8880000)
 Metaspace       used 8198K, capacity 8266K, committed 8448K, reserved 1056768K
  class space    used 929K, capacity 945K, committed 1024K, reserved 1048576K
}
Event: 5.985 GC heap before
{Heap before GC invocations=11 (full 0):
 PSYoungGen      total 7680K, used 7151K [0x0000000773700000, 0x0000000774000000, 0x00000007c0000000)
  eden space 6144K, 100% used [0x0000000773700000,0x0000000773d00000,0x0000000773d00000)
  from space 1536K, 65% used [0x0000000773e80000,0x0000000773f7bcc8,0x0000000774000000)
  to   space 1536K, 0% used [0x0000000773d00000,0x0000000773d00000,0x0000000773e80000)
 ParOldGen       total 233984K, used 2181K [0x00000006da400000, 0x00000006e8880000, 0x0000000773700000)
  object space 233984K, 0% used [0x00000006da400000,0x00000006da6214a8,0x00000006e8880000)
 Metaspace       used 9618K, capacity 9678K, committed 9856K, reserved 1058816K
  class space    used 992K, capacity 1042K, committed 1152K, reserved 1048576K
Event: 5.987 GC heap after
Heap after GC invocations=11 (full 0):
 PSYoungGen      total 7680K, used 1504K [0x0000000773700000, 0x0000000774500000, 0x00000007c0000000)
  eden space 6144K, 0% used [0x0000000773700000,0x0000000773700000,0x0000000773d00000)
  from space 1536K, 97% used [0x0000000773d00000,0x0000000773e78010,0x0000000773e80000)
  to   space 2048K, 0% used [0x0000000774300000,0x0000000774300000,0x0000000774500000)
 ParOldGen       total 233984K, used 2904K [0x00000006da400000, 0x00000006e8880000, 0x0000000773700000)
  object space 233984K, 1% used [0x00000006da400000,0x00000006da6d60b8,0x00000006e8880000)
 Metaspace       used 9618K, capacity 9678K, committed 9856K, reserved 1058816K
  class space    used 992K, capacity 1042K, committed 1152K, reserved 1048576K
}

